<?xml version="1.0" encoding="UTF-8"?>
<testsuite xmlns:xsi="http://www.w3.org/2001/XMLSchema-instance" xsi:noNamespaceSchemaLocation="https://maven.apache.org/surefire/maven-surefire-plugin/xsd/surefire-test-report-3.0.xsd" version="3.0" name="util.MessageUtilTest" time="0.335" tests="35" errors="0" skipped="0" failures="1">
  <properties>
[...]
</properties>
  <testcase name="test_safe_floor" classname="util.MessageUtilTest" time="0.051">
    <system-out><![CDATA[
floor
12


floor
12


floor
12

]]></system-out>
  </testcase>
  <testcase name="test_safe_lunch" classname="util.MessageUtilTest" time="0.004">
    <system-out><![CDATA[
hey
are
you
free
for
lunch


hey
are
you
free
for
lunch


hey
are
you
free
for
lunch

]]></system-out>
  </testcase>
  <testcase name="test_sentence_dont_share_pin" classname="util.MessageUtilTest" time="0.007">
    <system-out><![CDATA[
don't
share
your
pin
with
anyone


dont
share
your
pin
with
anyone


dont
share
your
pin
with
anyone

]]></system-out>
  </testcase>
  <testcase name="test_keyword_password_alone" classname="util.MessageUtilTest" time="0.003">
    <system-out><![CDATA[
password


password


password

]]></system-out>
  </testcase>
  <testcase name="test_keyword_password_upper" classname="util.MessageUtilTest" time="0.006">
    <system-out><![CDATA[
password


password


password

]]></system-out>
  </testcase>
  <testcase name="test_password_with_number" classname="util.MessageUtilTest" time="0.008">
    <system-out><![CDATA[
the
customer's
password
is
4521


the
customers
password
is
4521


the
customers
password
is
4521

]]></system-out>
  </testcase>
  <testcase name="test_safe_extension" classname="util.MessageUtilTest" time="0.006">
    <system-out><![CDATA[
extension
55


extension
55


extension
55

]]></system-out>
  </testcase>
  <testcase name="test_keyword_pin_alone" classname="util.MessageUtilTest" time="0.004">
    <system-out><![CDATA[
pin


pin


pin

]]></system-out>
  </testcase>
  <testcase name="test_keyword_pin_dots" classname="util.MessageUtilTest" time="0.007">
    <system-out><![CDATA[
p.i.n


pin


pin

]]></system-out>
  </testcase>
  <testcase name="test_keyword_pin_leet" classname="util.MessageUtilTest" time="0.006">
    <system-out><![CDATA[
p1n


p1n


pin

]]></system-out>
  </testcase>
  <testcase name="test_safe_branch" classname="util.MessageUtilTest" time="0.009">
    <system-out><![CDATA[
the
branch
is
open
till
6pm


the
branch
is
open
till
6pm


the
branch
is
open
till
6pm

]]></system-out>
  </testcase>
  <testcase name="test_safe_callme" classname="util.MessageUtilTest" time="0.004">
    <system-out><![CDATA[
call
me
back


call
me
back


call
me
back

]]></system-out>
  </testcase>
  <testcase name="test_two_4digit_numbers" classname="util.MessageUtilTest" time="0.004">
    <system-out><![CDATA[
7788
6699


7788
6699


7788
6699

]]></system-out>
  </testcase>
  <testcase name="test_number_in_sentence" classname="util.MessageUtilTest" time="0.005">
    <system-out><![CDATA[
customer
said
918273
just
now


customer
said
918273
just
now


customer
said
918273
just
now

]]></system-out>
  </testcase>
  <testcase name="test_leet_password_with_number" classname="util.MessageUtilTest" time="0.004">
    <system-out><![CDATA[
p@ssword
is
9911


p@ssword
is
9911


password
is
9911

]]></system-out>
  </testcase>
  <testcase name="test_safe_room_number" classname="util.MessageUtilTest" time="0.003">
    <system-out><![CDATA[
room
302


room
302


room
302

]]></system-out>
  </testcase>
  <testcase name="test_safe_report" classname="util.MessageUtilTest" time="0.005">
    <system-out><![CDATA[
send
me
the
report
by
tomorrow


send
me
the
report
by
tomorrow


send
me
the
report
by
tomorrow

]]></system-out>
  </testcase>
  <testcase name="test_safe_ticket" classname="util.MessageUtilTest" time="0.003">
    <system-out><![CDATA[
can
you
check
ticket
number
45


can
you
check
ticket
number
45


can
you
check
ticket
number
45

]]></system-out>
  </testcase>
  <testcase name="test_keyword_pin_dashes" classname="util.MessageUtilTest" time="0.002">
    <system-out><![CDATA[
p-i-n


pin


pin

]]></system-out>
  </testcase>
  <testcase name="test_long_accno_number" classname="util.MessageUtilTest" time="0.002">
    <system-out><![CDATA[
1234567890123


1234567890123


1234567890123

]]></system-out>
  </testcase>
  <testcase name="test_bare_6digit_number" classname="util.MessageUtilTest" time="0.003">
    <system-out><![CDATA[
552817


552817


552817

]]></system-out>
  </testcase>
  <testcase name="test_safe_id" classname="util.MessageUtilTest" time="0.003">
    <system-out><![CDATA[
id
789


id
789


id
789

]]></system-out>
  </testcase>
  <testcase name="test_pin_with_number" classname="util.MessageUtilTest" time="0.003">
    <system-out><![CDATA[
my
pin
is
552817


my
pin
is
552817


my
pin
is
552817

]]></system-out>
  </testcase>
  <testcase name="test_keyword_pin_spaces" classname="util.MessageUtilTest" time="0.004">
    <system-out><![CDATA[
p
i
n


p
i
n


p
i
n

]]></system-out>
  </testcase>
  <testcase name="test_accno_with_number" classname="util.MessageUtilTest" time="0.002">
    <system-out><![CDATA[
share
the
accno
1234567890123


share
the
accno
1234567890123


share
the
accno
1234567890123

]]></system-out>
  </testcase>
  <testcase name="test_sentence_whats_password" classname="util.MessageUtilTest" time="0.002">
    <system-out><![CDATA[
what's
your
password?


whats
your
password


whats
your
password

]]></system-out>
  </testcase>
  <testcase name="test_safe_meeting" classname="util.MessageUtilTest" time="0.002">
    <system-out><![CDATA[
meeting
at
3pm
today


meeting
at
3pm
today


meeting
at
3pm
today

]]></system-out>
  </testcase>
  <testcase name="test_bare_4digit_number" classname="util.MessageUtilTest" time="0.004">
    <system-out><![CDATA[
4521


4521


4521

]]></system-out>
  </testcase>
  <testcase name="test_spaced_pin_with_number" classname="util.MessageUtilTest" time="0.01">
    <failure message="expected: &lt;true&gt; but was: &lt;false&gt;" type="org.opentest4j.AssertionFailedError"><![CDATA[org.opentest4j.AssertionFailedError: expected: <true> but was: <false>
	at org.junit.jupiter.api.AssertionFailureBuilder.build(AssertionFailureBuilder.java:151)
	at org.junit.jupiter.api.AssertionFailureBuilder.buildAndThrow(AssertionFailureBuilder.java:132)
	at org.junit.jupiter.api.AssertTrue.failNotTrue(AssertTrue.java:63)
	at org.junit.jupiter.api.AssertTrue.assertTrue(AssertTrue.java:36)
	at org.junit.jupiter.api.AssertTrue.assertTrue(AssertTrue.java:31)
	at org.junit.jupiter.api.Assertions.assertTrue(Assertions.java:180)
	at util.MessageUtilTest.test_spaced_pin_with_number(MessageUtilTest.java:29)
	at java.base/jdk.internal.reflect.DirectMethodHandleAccessor.invoke(DirectMethodHandleAccessor.java:103)
	at java.base/java.lang.reflect.Method.invoke(Method.java:580)
	at org.junit.platform.commons.util.ReflectionUtils.invokeMethod(ReflectionUtils.java:727)
	at org.junit.jupiter.engine.execution.MethodInvocation.proceed(MethodInvocation.java:60)
	at org.junit.jupiter.engine.execution.InvocationInterceptorChain$ValidatingInvocation.proceed(InvocationInterceptorChain.java:131)
	at org.junit.jupiter.engine.extension.TimeoutExtension.intercept(TimeoutExtension.java:156)
	at org.junit.jupiter.engine.extension.TimeoutExtension.interceptTestableMethod(TimeoutExtension.java:147)
	at org.junit.jupiter.engine.extension.TimeoutExtension.interceptTestMethod(TimeoutExtension.java:86)
	at org.junit.jupiter.engine.execution.InterceptingExecutableInvoker$ReflectiveInterceptorCall.lambda$ofVoidMethod$0(InterceptingExecutableInvoker.java:103)
	at org.junit.jupiter.engine.execution.InterceptingExecutableInvoker.lambda$invoke$0(InterceptingExecutableInvoker.java:93)
	at org.junit.jupiter.engine.execution.InvocationInterceptorChain$InterceptedInvocation.proceed(InvocationInterceptorChain.java:106)
	at org.junit.jupiter.engine.execution.InvocationInterceptorChain.proceed(InvocationInterceptorChain.java:64)
	at org.junit.jupiter.engine.execution.InvocationInterceptorChain.chainAndInvoke(InvocationInterceptorChain.java:45)
	at org.junit.jupiter.engine.execution.InvocationInterceptorChain.invoke(InvocationInterceptorChain.java:37)
	at org.junit.jupiter.engine.execution.InterceptingExecutableInvoker.invoke(InterceptingExecutableInvoker.java:92)
	at org.junit.jupiter.engine.execution.InterceptingExecutableInvoker.invoke(InterceptingExecutableInvoker.java:86)
	at org.junit.jupiter.engine.descriptor.TestMethodTestDescriptor.lambda$invokeTestMethod$7(TestMethodTestDescriptor.java:217)
	at org.junit.platform.engine.support.hierarchical.ThrowableCollector.execute(ThrowableCollector.java:73)
	at org.junit.jupiter.engine.descriptor.TestMethodTestDescriptor.invokeTestMethod(TestMethodTestDescriptor.java:213)
	at org.junit.jupiter.engine.descriptor.TestMethodTestDescriptor.execute(TestMethodTestDescriptor.java:138)
	at org.junit.jupiter.engine.descriptor.TestMethodTestDescriptor.execute(TestMethodTestDescriptor.java:68)
	at org.junit.platform.engine.support.hierarchical.NodeTestTask.lambda$executeRecursively$6(NodeTestTask.java:151)
	at org.junit.platform.engine.support.hierarchical.ThrowableCollector.execute(ThrowableCollector.java:73)
	at org.junit.platform.engine.support.hierarchical.NodeTestTask.lambda$executeRecursively$8(NodeTestTask.java:141)
	at org.junit.platform.engine.support.hierarchical.Node.around(Node.java:137)
	at org.junit.platform.engine.support.hierarchical.NodeTestTask.lambda$executeRecursively$9(NodeTestTask.java:139)
	at org.junit.platform.engine.support.hierarchical.ThrowableCollector.execute(ThrowableCollector.java:73)
	at org.junit.platform.engine.support.hierarchical.NodeTestTask.executeRecursively(NodeTestTask.java:138)
	at org.junit.platform.engine.support.hierarchical.NodeTestTask.execute(NodeTestTask.java:95)
	at java.base/java.util.ArrayList.forEach(ArrayList.java:1596)
	at org.junit.platform.engine.support.hierarchical.SameThreadHierarchicalTestExecutorService.invokeAll(SameThreadHierarchicalTestExecutorService.java:41)
	at org.junit.platform.engine.support.hierarchical.NodeTestTask.lambda$executeRecursively$6(NodeTestTask.java:155)
	at org.junit.platform.engine.support.hierarchical.ThrowableCollector.execute(ThrowableCollector.java:73)
	at org.junit.platform.engine.support.hierarchical.NodeTestTask.lambda$executeRecursively$8(NodeTestTask.java:141)
	at org.junit.platform.engine.support.hierarchical.Node.around(Node.java:137)
	at org.junit.platform.engine.support.hierarchical.NodeTestTask.lambda$executeRecursively$9(NodeTestTask.java:139)
	at org.junit.platform.engine.support.hierarchical.ThrowableCollector.execute(ThrowableCollector.java:73)
	at org.junit.platform.engine.support.hierarchical.NodeTestTask.executeRecursively(NodeTestTask.java:138)
	at org.junit.platform.engine.support.hierarchical.NodeTestTask.execute(NodeTestTask.java:95)
	at java.base/java.util.ArrayList.forEach(ArrayList.java:1596)
	at org.junit.platform.engine.support.hierarchical.SameThreadHierarchicalTestExecutorService.invokeAll(SameThreadHierarchicalTestExecutorService.java:41)
	at org.junit.platform.engine.support.hierarchical.NodeTestTask.lambda$executeRecursively$6(NodeTestTask.java:155)
	at org.junit.platform.engine.support.hierarchical.ThrowableCollector.execute(ThrowableCollector.java:73)
	at org.junit.platform.engine.support.hierarchical.NodeTestTask.lambda$executeRecursively$8(NodeTestTask.java:141)
	at org.junit.platform.engine.support.hierarchical.Node.around(Node.java:137)
	at org.junit.platform.engine.support.hierarchical.NodeTestTask.lambda$executeRecursively$9(NodeTestTask.java:139)
	at org.junit.platform.engine.support.hierarchical.ThrowableCollector.execute(ThrowableCollector.java:73)
	at org.junit.platform.engine.support.hierarchical.NodeTestTask.executeRecursively(NodeTestTask.java:138)
	at org.junit.platform.engine.support.hierarchical.NodeTestTask.execute(NodeTestTask.java:95)
	at org.junit.platform.engine.support.hierarchical.SameThreadHierarchicalTestExecutorService.submit(SameThreadHierarchicalTestExecutorService.java:35)
	at org.junit.platform.engine.support.hierarchical.HierarchicalTestExecutor.execute(HierarchicalTestExecutor.java:57)
	at org.junit.platform.engine.support.hierarchical.HierarchicalTestEngine.execute(HierarchicalTestEngine.java:54)
	at org.junit.platform.launcher.core.EngineExecutionOrchestrator.execute(EngineExecutionOrchestrator.java:147)
	at org.junit.platform.launcher.core.EngineExecutionOrchestrator.execute(EngineExecutionOrchestrator.java:127)
	at org.junit.platform.launcher.core.EngineExecutionOrchestrator.execute(EngineExecutionOrchestrator.java:90)
	at org.junit.platform.launcher.core.EngineExecutionOrchestrator.lambda$execute$0(EngineExecutionOrchestrator.java:55)
	at org.junit.platform.launcher.core.EngineExecutionOrchestrator.withInterceptedStreams(EngineExecutionOrchestrator.java:102)
	at org.junit.platform.launcher.core.EngineExecutionOrchestrator.execute(EngineExecutionOrchestrator.java:54)
	at org.junit.platform.launcher.core.DefaultLauncher.execute(DefaultLauncher.java:114)
	at org.junit.platform.launcher.core.DefaultLauncher.execute(DefaultLauncher.java:86)
	at org.junit.platform.launcher.core.DefaultLauncherSession$DelegatingLauncher.execute(DefaultLauncherSession.java:86)
	at org.apache.maven.surefire.junitplatform.LazyLauncher.execute(LazyLauncher.java:50)
	at org.apache.maven.surefire.junitplatform.JUnitPlatformProvider.execute(JUnitPlatformProvider.java:184)
	at org.apache.maven.surefire.junitplatform.JUnitPlatformProvider.invokeAllTests(JUnitPlatformProvider.java:148)
	at org.apache.maven.surefire.junitplatform.JUnitPlatformProvider.invoke(JUnitPlatformProvider.java:122)
	at org.apache.maven.surefire.booter.ForkedBooter.runSuitesInProcess(ForkedBooter.java:385)
	at org.apache.maven.surefire.booter.ForkedBooter.execute(ForkedBooter.java:162)
	at org.apache.maven.surefire.booter.ForkedBooter.run(ForkedBooter.java:507)
	at org.apache.maven.surefire.booter.ForkedBooter.main(ForkedBooter.java:495)
]]></failure>
    <system-out><![CDATA[
p
i
n
552817


p
i
n
552817


p
i
n
552817

]]></system-out>
  </testcase>
  <testcase name="test_keyword_pin_lowercase" classname="util.MessageUtilTest" time="0.003">
    <system-out><![CDATA[
pin


pin


pin

]]></system-out>
  </testcase>
  <testcase name="test_otp_with_number" classname="util.MessageUtilTest" time="0.004">
    <system-out><![CDATA[
otp
is
918273


otp
is
918273


otp
is
918273

]]></system-out>
  </testcase>
  <testcase name="test_keyword_password_dash" classname="util.MessageUtilTest" time="0.004">
    <system-out><![CDATA[
pass-word


password


password

]]></system-out>
  </testcase>
  <testcase name="test_keyword_password_leet" classname="util.MessageUtilTest" time="0.005">
    <system-out><![CDATA[
p@ssword


p@ssword


password

]]></system-out>
  </testcase>
  <testcase name="test_safe_employees" classname="util.MessageUtilTest" time="0.005">
    <system-out><![CDATA[
how
many
employees
work
here


how
many
employees
work
here


how
many
employees
work
here

]]></system-out>
  </testcase>
  <testcase name="test_pin_colon_number" classname="util.MessageUtilTest" time="0.002">
    <system-out><![CDATA[
pin:
7788


pin
7788


pin
7788

]]></system-out>
  </testcase>
</testsuite>