<?xml version="1.0" encoding="UTF-8"?>
<testsuite xmlns:xsi="http://www.w3.org/2001/XMLSchema-instance" xsi:noNamespaceSchemaLocation="https://maven.apache.org/surefire/maven-surefire-plugin/xsd/surefire-test-report-3.0.xsd" version="3.0" name="util.MessageUtilTest" time="0.212" tests="34" errors="0" skipped="0" failures="0">
  <properties>
[...]
</properties>
  <testcase name="test_safe_floor" classname="util.MessageUtilTest" time="0.033">
    <system-out><![CDATA[we successfully started testing our application....
we started our current test case...

floor
12


floor
12


floor
12

we ended our current test case...
]]></system-out>
  </testcase>
  <testcase name="test_safe_lunch" classname="util.MessageUtilTest" time="0.005">
    <system-out><![CDATA[we started our current test case...

hey
are
you
free
for
lunch


hey
are
you
free
for
lunch


hey
are
you
free
for
lunch

we ended our current test case...
]]></system-out>
  </testcase>
  <testcase name="test_sentence_dont_share_pin" classname="util.MessageUtilTest" time="0.006">
    <system-out><![CDATA[we started our current test case...

don't
share
your
pin
with
anyone


dont
share
your
pin
with
anyone


dont
share
your
pin
with
anyone

we ended our current test case...
]]></system-out>
  </testcase>
  <testcase name="test_keyword_password_alone" classname="util.MessageUtilTest" time="0.003">
    <system-out><![CDATA[we started our current test case...

password


password


password

we ended our current test case...
]]></system-out>
  </testcase>
  <testcase name="test_keyword_password_upper" classname="util.MessageUtilTest" time="0.002">
    <system-out><![CDATA[we started our current test case...

password


password


password

we ended our current test case...
]]></system-out>
  </testcase>
  <testcase name="test_password_with_number" classname="util.MessageUtilTest" time="0.008">
    <system-out><![CDATA[we started our current test case...

the
customer's
password
is
4521


the
customers
password
is
4521


the
customers
password
is
4521

we ended our current test case...
]]></system-out>
  </testcase>
  <testcase name="test_safe_extension" classname="util.MessageUtilTest" time="0.004">
    <system-out><![CDATA[we started our current test case...

extension
55


extension
55


extension
55

we ended our current test case...
]]></system-out>
  </testcase>
  <testcase name="test_keyword_pin_alone" classname="util.MessageUtilTest" time="0.002">
    <system-out><![CDATA[we started our current test case...

pin


pin


pin

we ended our current test case...
]]></system-out>
  </testcase>
  <testcase name="test_keyword_pin_dots" classname="util.MessageUtilTest" time="0.001">
    <system-out><![CDATA[we started our current test case...

p.i.n


pin


pin

we ended our current test case...
]]></system-out>
  </testcase>
  <testcase name="test_keyword_pin_leet" classname="util.MessageUtilTest" time="0.003">
    <system-out><![CDATA[we started our current test case...

p1n


p1n


pin

we ended our current test case...
]]></system-out>
  </testcase>
  <testcase name="test_safe_branch" classname="util.MessageUtilTest" time="0.004">
    <system-out><![CDATA[we started our current test case...

the
branch
is
open
till
6pm


the
branch
is
open
till
6pm


the
branch
is
open
till
6pm

we ended our current test case...
]]></system-out>
  </testcase>
  <testcase name="test_safe_callme" classname="util.MessageUtilTest" time="0.005">
    <system-out><![CDATA[we started our current test case...

call
me
back


call
me
back


call
me
back

we ended our current test case...
]]></system-out>
  </testcase>
  <testcase name="test_two_4digit_numbers" classname="util.MessageUtilTest" time="0.003">
    <system-out><![CDATA[we started our current test case...

7788
6699


7788
6699


7788
6699

we ended our current test case...
]]></system-out>
  </testcase>
  <testcase name="test_number_in_sentence" classname="util.MessageUtilTest" time="0.003">
    <system-out><![CDATA[we started our current test case...

customer
said
918273
just
now


customer
said
918273
just
now


customer
said
918273
just
now

we ended our current test case...
]]></system-out>
  </testcase>
  <testcase name="test_leet_password_with_number" classname="util.MessageUtilTest" time="0.006">
    <system-out><![CDATA[we started our current test case...

p@ssword
is
9911


p@ssword
is
9911


password
is
9911

we ended our current test case...
]]></system-out>
  </testcase>
  <testcase name="test_safe_room_number" classname="util.MessageUtilTest" time="0.003">
    <system-out><![CDATA[we started our current test case...

room
302


room
302


room
302

we ended our current test case...
]]></system-out>
  </testcase>
  <testcase name="test_safe_report" classname="util.MessageUtilTest" time="0.003">
    <system-out><![CDATA[we started our current test case...

send
me
the
report
by
tomorrow


send
me
the
report
by
tomorrow


send
me
the
report
by
tomorrow

we ended our current test case...
]]></system-out>
  </testcase>
  <testcase name="test_safe_ticket" classname="util.MessageUtilTest" time="0.003">
    <system-out><![CDATA[we started our current test case...

can
you
check
ticket
number
45


can
you
check
ticket
number
45


can
you
check
ticket
number
45

we ended our current test case...
]]></system-out>
  </testcase>
  <testcase name="test_keyword_pin_dashes" classname="util.MessageUtilTest" time="0.002">
    <system-out><![CDATA[we started our current test case...

p-i-n


pin


pin

we ended our current test case...
]]></system-out>
  </testcase>
  <testcase name="test_long_accno_number" classname="util.MessageUtilTest" time="0.002">
    <system-out><![CDATA[we started our current test case...

1234567890123


1234567890123


1234567890123

we ended our current test case...
]]></system-out>
  </testcase>
  <testcase name="test_bare_6digit_number" classname="util.MessageUtilTest" time="0.003">
    <system-out><![CDATA[we started our current test case...

552817


552817


552817

we ended our current test case...
]]></system-out>
  </testcase>
  <testcase name="test_safe_id" classname="util.MessageUtilTest" time="0.002">
    <system-out><![CDATA[we started our current test case...

id
789


id
789


id
789

we ended our current test case...
]]></system-out>
  </testcase>
  <testcase name="test_pin_with_number" classname="util.MessageUtilTest" time="0.002">
    <system-out><![CDATA[we started our current test case...

my
pin
is
552817


my
pin
is
552817


my
pin
is
552817

we ended our current test case...
]]></system-out>
  </testcase>
  <testcase name="test_keyword_pin_spaces" classname="util.MessageUtilTest" time="0.002">
    <system-out><![CDATA[we started our current test case...

p
i
n


p
i
n


p
i
n

we ended our current test case...
]]></system-out>
  </testcase>
  <testcase name="test_accno_with_number" classname="util.MessageUtilTest" time="0.004">
    <system-out><![CDATA[we started our current test case...

share
the
accno
1234567890123


share
the
accno
1234567890123


share
the
accno
1234567890123

we ended our current test case...
]]></system-out>
  </testcase>
  <testcase name="test_sentence_whats_password" classname="util.MessageUtilTest" time="0.001">
    <system-out><![CDATA[we started our current test case...

what's
your
password?


whats
your
password


whats
your
password

we ended our current test case...
]]></system-out>
  </testcase>
  <testcase name="test_safe_meeting" classname="util.MessageUtilTest" time="0.003">
    <system-out><![CDATA[we started our current test case...

meeting
at
3pm
today


meeting
at
3pm
today


meeting
at
3pm
today

we ended our current test case...
]]></system-out>
  </testcase>
  <testcase name="test_bare_4digit_number" classname="util.MessageUtilTest" time="0.002">
    <system-out><![CDATA[we started our current test case...

4521


4521


4521

we ended our current test case...
]]></system-out>
  </testcase>
  <testcase name="test_keyword_pin_lowercase" classname="util.MessageUtilTest" time="0.002">
    <system-out><![CDATA[we started our current test case...

pin


pin


pin

we ended our current test case...
]]></system-out>
  </testcase>
  <testcase name="test_otp_with_number" classname="util.MessageUtilTest" time="0.004">
    <system-out><![CDATA[we started our current test case...

otp
is
918273


otp
is
918273


otp
is
918273

we ended our current test case...
]]></system-out>
  </testcase>
  <testcase name="test_keyword_password_dash" classname="util.MessageUtilTest" time="0.002">
    <system-out><![CDATA[we started our current test case...

pass-word


password


password

we ended our current test case...
]]></system-out>
  </testcase>
  <testcase name="test_keyword_password_leet" classname="util.MessageUtilTest" time="0.002">
    <system-out><![CDATA[we started our current test case...

p@ssword


p@ssword


password

we ended our current test case...
]]></system-out>
  </testcase>
  <testcase name="test_safe_employees" classname="util.MessageUtilTest" time="0.002">
    <system-out><![CDATA[we started our current test case...

how
many
employees
work
here


how
many
employees
work
here


how
many
employees
work
here

we ended our current test case...
]]></system-out>
  </testcase>
  <testcase name="test_pin_colon_number" classname="util.MessageUtilTest" time="0.001">
    <system-out><![CDATA[we started our current test case...

pin:
7788


pin
7788


pin
7788

we ended our current test case...
]]></system-out>
  </testcase>
</testsuite>